Analysis & Synthesis report for UART
Fri Jan 17 21:09:15 2020
Quartus Prime Version 18.1.0 Build 625 09/12/2018 SJ Lite Edition


---------------------
; Table of Contents ;
---------------------
  1. Legal Notice
  2. Analysis & Synthesis Summary
  3. Analysis & Synthesis Settings
  4. Parallel Compilation
  5. Analysis & Synthesis Source Files Read
  6. Analysis & Synthesis Resource Usage Summary
  7. Analysis & Synthesis Resource Utilization by Entity
  8. General Register Statistics
  9. Inverted Register Statistics
 10. Parameter Settings for User Entity Instance: FREQUENCYDIVIDER:clk_gen
 11. Parameter Settings for User Entity Instance: FREQUENCYDIVIDER:clk_gen|CONTADOR:P1
 12. Parameter Settings for User Entity Instance: FREQUENCYDIVIDER:clk_gen|COMPARADOR:P2
 13. Parameter Settings for User Entity Instance: ConversorSet:CVSET|SERIALPARALEL:S_P
 14. Port Connectivity Checks: "ConversorSet:CVSET"
 15. Port Connectivity Checks: "FREQUENCYDIVIDER:clk_gen|myDFF:P3"
 16. Port Connectivity Checks: "FREQUENCYDIVIDER:clk_gen|COMPARADOR:P2"
 17. Port Connectivity Checks: "FREQUENCYDIVIDER:clk_gen|CONTADOR:P1|T_TRIGGER:\G1:30:T"
 18. Port Connectivity Checks: "FREQUENCYDIVIDER:clk_gen"
 19. Post-Synthesis Netlist Statistics for Top Partition
 20. Elapsed Time Per Partition
 21. Analysis & Synthesis Messages



----------------
; Legal Notice ;
----------------
Copyright (C) 2018  Intel Corporation. All rights reserved.
Your use of Intel Corporation's design tools, logic functions 
and other software and tools, and its AMPP partner logic 
functions, and any output files from any of the foregoing 
(including device programming or simulation files), and any 
associated documentation or information are expressly subject 
to the terms and conditions of the Intel Program License 
Subscription Agreement, the Intel Quartus Prime License Agreement,
the Intel FPGA IP License Agreement, or other applicable license
agreement, including, without limitation, that your use is for
the sole purpose of programming logic devices manufactured by
Intel and sold by Intel or its authorized distributors.  Please
refer to the applicable agreement for further details.



+----------------------------------------------------------------------------------+
; Analysis & Synthesis Summary                                                     ;
+------------------------------------+---------------------------------------------+
; Analysis & Synthesis Status        ; Successful - Fri Jan 17 21:09:15 2020       ;
; Quartus Prime Version              ; 18.1.0 Build 625 09/12/2018 SJ Lite Edition ;
; Revision Name                      ; UART                                        ;
; Top-level Entity Name              ; UART                                        ;
; Family                             ; Cyclone IV E                                ;
; Total logic elements               ; 112                                         ;
;     Total combinational functions  ; 112                                         ;
;     Dedicated logic registers      ; 82                                          ;
; Total registers                    ; 82                                          ;
; Total pins                         ; 20                                          ;
; Total virtual pins                 ; 0                                           ;
; Total memory bits                  ; 0                                           ;
; Embedded Multiplier 9-bit elements ; 0                                           ;
; Total PLLs                         ; 0                                           ;
+------------------------------------+---------------------------------------------+


+------------------------------------------------------------------------------------------------------------+
; Analysis & Synthesis Settings                                                                              ;
+------------------------------------------------------------------+--------------------+--------------------+
; Option                                                           ; Setting            ; Default Value      ;
+------------------------------------------------------------------+--------------------+--------------------+
; Device                                                           ; EP4CE6E22C8        ;                    ;
; Top-level entity name                                            ; UART               ; UART               ;
; Family name                                                      ; Cyclone IV E       ; Cyclone V          ;
; Use smart compilation                                            ; Off                ; Off                ;
; Enable parallel Assembler and Timing Analyzer during compilation ; On                 ; On                 ;
; Enable compact report table                                      ; Off                ; Off                ;
; Restructure Multiplexers                                         ; Auto               ; Auto               ;
; Create Debugging Nodes for IP Cores                              ; Off                ; Off                ;
; Preserve fewer node names                                        ; On                 ; On                 ;
; Intel FPGA IP Evaluation Mode                                    ; Enable             ; Enable             ;
; Verilog Version                                                  ; Verilog_2001       ; Verilog_2001       ;
; VHDL Version                                                     ; VHDL_1993          ; VHDL_1993          ;
; State Machine Processing                                         ; Auto               ; Auto               ;
; Safe State Machine                                               ; Off                ; Off                ;
; Extract Verilog State Machines                                   ; On                 ; On                 ;
; Extract VHDL State Machines                                      ; On                 ; On                 ;
; Ignore Verilog initial constructs                                ; Off                ; Off                ;
; Iteration limit for constant Verilog loops                       ; 5000               ; 5000               ;
; Iteration limit for non-constant Verilog loops                   ; 250                ; 250                ;
; Add Pass-Through Logic to Inferred RAMs                          ; On                 ; On                 ;
; Infer RAMs from Raw Logic                                        ; On                 ; On                 ;
; Parallel Synthesis                                               ; On                 ; On                 ;
; DSP Block Balancing                                              ; Auto               ; Auto               ;
; NOT Gate Push-Back                                               ; On                 ; On                 ;
; Power-Up Don't Care                                              ; On                 ; On                 ;
; Remove Redundant Logic Cells                                     ; Off                ; Off                ;
; Remove Duplicate Registers                                       ; On                 ; On                 ;
; Ignore CARRY Buffers                                             ; Off                ; Off                ;
; Ignore CASCADE Buffers                                           ; Off                ; Off                ;
; Ignore GLOBAL Buffers                                            ; Off                ; Off                ;
; Ignore ROW GLOBAL Buffers                                        ; Off                ; Off                ;
; Ignore LCELL Buffers                                             ; Off                ; Off                ;
; Ignore SOFT Buffers                                              ; On                 ; On                 ;
; Limit AHDL Integers to 32 Bits                                   ; Off                ; Off                ;
; Optimization Technique                                           ; Balanced           ; Balanced           ;
; Carry Chain Length                                               ; 70                 ; 70                 ;
; Auto Carry Chains                                                ; On                 ; On                 ;
; Auto Open-Drain Pins                                             ; On                 ; On                 ;
; Perform WYSIWYG Primitive Resynthesis                            ; Off                ; Off                ;
; Auto ROM Replacement                                             ; On                 ; On                 ;
; Auto RAM Replacement                                             ; On                 ; On                 ;
; Auto DSP Block Replacement                                       ; On                 ; On                 ;
; Auto Shift Register Replacement                                  ; Auto               ; Auto               ;
; Allow Shift Register Merging across Hierarchies                  ; Auto               ; Auto               ;
; Auto Clock Enable Replacement                                    ; On                 ; On                 ;
; Strict RAM Replacement                                           ; Off                ; Off                ;
; Allow Synchronous Control Signals                                ; On                 ; On                 ;
; Force Use of Synchronous Clear Signals                           ; Off                ; Off                ;
; Auto RAM Block Balancing                                         ; On                 ; On                 ;
; Auto RAM to Logic Cell Conversion                                ; Off                ; Off                ;
; Auto Resource Sharing                                            ; Off                ; Off                ;
; Allow Any RAM Size For Recognition                               ; Off                ; Off                ;
; Allow Any ROM Size For Recognition                               ; Off                ; Off                ;
; Allow Any Shift Register Size For Recognition                    ; Off                ; Off                ;
; Use LogicLock Constraints during Resource Balancing              ; On                 ; On                 ;
; Ignore translate_off and synthesis_off directives                ; Off                ; Off                ;
; Timing-Driven Synthesis                                          ; On                 ; On                 ;
; Report Parameter Settings                                        ; On                 ; On                 ;
; Report Source Assignments                                        ; On                 ; On                 ;
; Report Connectivity Checks                                       ; On                 ; On                 ;
; Ignore Maximum Fan-Out Assignments                               ; Off                ; Off                ;
; Synchronization Register Chain Length                            ; 2                  ; 2                  ;
; Power Optimization During Synthesis                              ; Normal compilation ; Normal compilation ;
; HDL message level                                                ; Level2             ; Level2             ;
; Suppress Register Optimization Related Messages                  ; Off                ; Off                ;
; Number of Removed Registers Reported in Synthesis Report         ; 5000               ; 5000               ;
; Number of Swept Nodes Reported in Synthesis Report               ; 5000               ; 5000               ;
; Number of Inverted Registers Reported in Synthesis Report        ; 100                ; 100                ;
; Clock MUX Protection                                             ; On                 ; On                 ;
; Auto Gated Clock Conversion                                      ; Off                ; Off                ;
; Block Design Naming                                              ; Auto               ; Auto               ;
; SDC constraint protection                                        ; Off                ; Off                ;
; Synthesis Effort                                                 ; Auto               ; Auto               ;
; Shift Register Replacement - Allow Asynchronous Clear Signal     ; On                 ; On                 ;
; Pre-Mapping Resynthesis Optimization                             ; Off                ; Off                ;
; Analysis & Synthesis Message Level                               ; Medium             ; Medium             ;
; Disable Register Merging Across Hierarchies                      ; Auto               ; Auto               ;
; Resource Aware Inference For Block RAM                           ; On                 ; On                 ;
+------------------------------------------------------------------+--------------------+--------------------+


+------------------------------------------+
; Parallel Compilation                     ;
+----------------------------+-------------+
; Processors                 ; Number      ;
+----------------------------+-------------+
; Number detected on machine ; 8           ;
; Maximum allowed            ; 8           ;
;                            ;             ;
; Average used               ; 1.01        ;
; Maximum used               ; 8           ;
;                            ;             ;
; Usage by Processor         ; % Time Used ;
;     Processor 1            ; 100.0%      ;
;     Processor 2            ;   0.2%      ;
;     Processors 3-8         ;   0.1%      ;
+----------------------------+-------------+


+----------------------------------------------------------------------------------------------------------------------------------------------------------+
; Analysis & Synthesis Source Files Read                                                                                                                   ;
+----------------------------------+-----------------+-----------------------+-------------------------------------------------------------------+---------+
; File Name with User-Entered Path ; Used in Netlist ; File Type             ; File Name with Absolute Path                                      ; Library ;
+----------------------------------+-----------------+-----------------------+-------------------------------------------------------------------+---------+
; UART.vhd                         ; yes             ; User VHDL File        ; C:/intelFPGA_lite/18.1/FPGA/Protocolos/UART/UART.vhd              ;         ;
; frequencydivider.vhd             ; yes             ; Auto-Found VHDL File  ; C:/intelFPGA_lite/18.1/FPGA/Protocolos/UART/frequencydivider.vhd  ;         ;
; contador.vhd                     ; yes             ; Auto-Found VHDL File  ; C:/intelFPGA_lite/18.1/FPGA/Protocolos/UART/contador.vhd          ;         ;
; t_trigger.vhd                    ; yes             ; Auto-Found VHDL File  ; C:/intelFPGA_lite/18.1/FPGA/Protocolos/UART/t_trigger.vhd         ;         ;
; comparador.vhd                   ; yes             ; Auto-Found VHDL File  ; C:/intelFPGA_lite/18.1/FPGA/Protocolos/UART/comparador.vhd        ;         ;
; mydff.vhd                        ; yes             ; Auto-Found VHDL File  ; C:/intelFPGA_lite/18.1/FPGA/Protocolos/UART/mydff.vhd             ;         ;
; conversorset.vhd                 ; yes             ; Auto-Found VHDL File  ; C:/intelFPGA_lite/18.1/FPGA/Protocolos/UART/conversorset.vhd      ;         ;
; serialparalel.vhd                ; yes             ; Auto-Found VHDL File  ; C:/intelFPGA_lite/18.1/FPGA/Protocolos/UART/serialparalel.vhd     ;         ;
; paralelsequencial.vhd            ; yes             ; Auto-Found VHDL File  ; C:/intelFPGA_lite/18.1/FPGA/Protocolos/UART/paralelsequencial.vhd ;         ;
+----------------------------------+-----------------+-----------------------+-------------------------------------------------------------------+---------+


+--------------------------------------------------------------------------------------------------+
; Analysis & Synthesis Resource Usage Summary                                                      ;
+---------------------------------------------+----------------------------------------------------+
; Resource                                    ; Usage                                              ;
+---------------------------------------------+----------------------------------------------------+
; Estimated Total logic elements              ; 112                                                ;
;                                             ;                                                    ;
; Total combinational functions               ; 112                                                ;
; Logic element usage by number of LUT inputs ;                                                    ;
;     -- 4 input functions                    ; 32                                                 ;
;     -- 3 input functions                    ; 15                                                 ;
;     -- <=2 input functions                  ; 65                                                 ;
;                                             ;                                                    ;
; Logic elements by mode                      ;                                                    ;
;     -- normal mode                          ; 112                                                ;
;     -- arithmetic mode                      ; 0                                                  ;
;                                             ;                                                    ;
; Total registers                             ; 82                                                 ;
;     -- Dedicated logic registers            ; 82                                                 ;
;     -- I/O registers                        ; 0                                                  ;
;                                             ;                                                    ;
; I/O pins                                    ; 20                                                 ;
;                                             ;                                                    ;
; Embedded Multiplier 9-bit elements          ; 0                                                  ;
;                                             ;                                                    ;
; Maximum fan-out node                        ; FREQUENCYDIVIDER:clk_gen|COMPARADOR:P2|LessThan0~2 ;
; Maximum fan-out                             ; 63                                                 ;
; Total fan-out                               ; 498                                                ;
; Average fan-out                             ; 2.13                                               ;
+---------------------------------------------+----------------------------------------------------+


+-------------------------------------------------------------------------------------------------------------------------------------------------------------------------------------------------------------------------------------------------------------+
; Analysis & Synthesis Resource Utilization by Entity                                                                                                                                                                                                         ;
+-------------------------------+---------------------+---------------------------+-------------+--------------+---------+-----------+------+--------------+---------------------------------------------------------------+-------------------+--------------+
; Compilation Hierarchy Node    ; Combinational ALUTs ; Dedicated Logic Registers ; Memory Bits ; DSP Elements ; DSP 9x9 ; DSP 18x18 ; Pins ; Virtual Pins ; Full Hierarchy Name                                           ; Entity Name       ; Library Name ;
+-------------------------------+---------------------+---------------------------+-------------+--------------+---------+-----------+------+--------------+---------------------------------------------------------------+-------------------+--------------+
; |UART                         ; 112 (0)             ; 82 (0)                    ; 0           ; 0            ; 0       ; 0         ; 20   ; 0            ; |UART                                                         ; UART              ; work         ;
;    |ConversorSet:CVSET|       ; 35 (0)              ; 18 (0)                    ; 0           ; 0            ; 0       ; 0         ; 0    ; 0            ; |UART|ConversorSet:CVSET                                      ; ConversorSet      ; work         ;
;       |ParalelSequencial:P_S| ; 11 (11)             ; 5 (5)                     ; 0           ; 0            ; 0       ; 0         ; 0    ; 0            ; |UART|ConversorSet:CVSET|ParalelSequencial:P_S                ; ParalelSequencial ; work         ;
;       |SERIALPARALEL:S_P|     ; 24 (24)             ; 13 (13)                   ; 0           ; 0            ; 0       ; 0         ; 0    ; 0            ; |UART|ConversorSet:CVSET|SERIALPARALEL:S_P                    ; SERIALPARALEL     ; work         ;
;    |FREQUENCYDIVIDER:clk_gen| ; 77 (0)              ; 64 (0)                    ; 0           ; 0            ; 0       ; 0         ; 0    ; 0            ; |UART|FREQUENCYDIVIDER:clk_gen                                ; FREQUENCYDIVIDER  ; work         ;
;       |COMPARADOR:P2|         ; 13 (13)             ; 0 (0)                     ; 0           ; 0            ; 0       ; 0         ; 0    ; 0            ; |UART|FREQUENCYDIVIDER:clk_gen|COMPARADOR:P2                  ; COMPARADOR        ; work         ;
;       |CONTADOR:P1|           ; 63 (0)              ; 63 (0)                    ; 0           ; 0            ; 0       ; 0         ; 0    ; 0            ; |UART|FREQUENCYDIVIDER:clk_gen|CONTADOR:P1                    ; CONTADOR          ; work         ;
;          |T_TRIGGER:T|        ; 2 (2)               ; 2 (2)                     ; 0           ; 0            ; 0       ; 0         ; 0    ; 0            ; |UART|FREQUENCYDIVIDER:clk_gen|CONTADOR:P1|T_TRIGGER:T        ; T_TRIGGER         ; work         ;
;          |T_TRIGGER:\G1:0:T|  ; 2 (2)               ; 2 (2)                     ; 0           ; 0            ; 0       ; 0         ; 0    ; 0            ; |UART|FREQUENCYDIVIDER:clk_gen|CONTADOR:P1|T_TRIGGER:\G1:0:T  ; T_TRIGGER         ; work         ;
;          |T_TRIGGER:\G1:10:T| ; 2 (2)               ; 2 (2)                     ; 0           ; 0            ; 0       ; 0         ; 0    ; 0            ; |UART|FREQUENCYDIVIDER:clk_gen|CONTADOR:P1|T_TRIGGER:\G1:10:T ; T_TRIGGER         ; work         ;
;          |T_TRIGGER:\G1:11:T| ; 2 (2)               ; 2 (2)                     ; 0           ; 0            ; 0       ; 0         ; 0    ; 0            ; |UART|FREQUENCYDIVIDER:clk_gen|CONTADOR:P1|T_TRIGGER:\G1:11:T ; T_TRIGGER         ; work         ;
;          |T_TRIGGER:\G1:12:T| ; 2 (2)               ; 2 (2)                     ; 0           ; 0            ; 0       ; 0         ; 0    ; 0            ; |UART|FREQUENCYDIVIDER:clk_gen|CONTADOR:P1|T_TRIGGER:\G1:12:T ; T_TRIGGER         ; work         ;
;          |T_TRIGGER:\G1:13:T| ; 2 (2)               ; 2 (2)                     ; 0           ; 0            ; 0       ; 0         ; 0    ; 0            ; |UART|FREQUENCYDIVIDER:clk_gen|CONTADOR:P1|T_TRIGGER:\G1:13:T ; T_TRIGGER         ; work         ;
;          |T_TRIGGER:\G1:14:T| ; 2 (2)               ; 2 (2)                     ; 0           ; 0            ; 0       ; 0         ; 0    ; 0            ; |UART|FREQUENCYDIVIDER:clk_gen|CONTADOR:P1|T_TRIGGER:\G1:14:T ; T_TRIGGER         ; work         ;
;          |T_TRIGGER:\G1:15:T| ; 2 (2)               ; 2 (2)                     ; 0           ; 0            ; 0       ; 0         ; 0    ; 0            ; |UART|FREQUENCYDIVIDER:clk_gen|CONTADOR:P1|T_TRIGGER:\G1:15:T ; T_TRIGGER         ; work         ;
;          |T_TRIGGER:\G1:16:T| ; 2 (2)               ; 2 (2)                     ; 0           ; 0            ; 0       ; 0         ; 0    ; 0            ; |UART|FREQUENCYDIVIDER:clk_gen|CONTADOR:P1|T_TRIGGER:\G1:16:T ; T_TRIGGER         ; work         ;
;          |T_TRIGGER:\G1:17:T| ; 2 (2)               ; 2 (2)                     ; 0           ; 0            ; 0       ; 0         ; 0    ; 0            ; |UART|FREQUENCYDIVIDER:clk_gen|CONTADOR:P1|T_TRIGGER:\G1:17:T ; T_TRIGGER         ; work         ;
;          |T_TRIGGER:\G1:18:T| ; 2 (2)               ; 2 (2)                     ; 0           ; 0            ; 0       ; 0         ; 0    ; 0            ; |UART|FREQUENCYDIVIDER:clk_gen|CONTADOR:P1|T_TRIGGER:\G1:18:T ; T_TRIGGER         ; work         ;
;          |T_TRIGGER:\G1:19:T| ; 2 (2)               ; 2 (2)                     ; 0           ; 0            ; 0       ; 0         ; 0    ; 0            ; |UART|FREQUENCYDIVIDER:clk_gen|CONTADOR:P1|T_TRIGGER:\G1:19:T ; T_TRIGGER         ; work         ;
;          |T_TRIGGER:\G1:1:T|  ; 2 (2)               ; 2 (2)                     ; 0           ; 0            ; 0       ; 0         ; 0    ; 0            ; |UART|FREQUENCYDIVIDER:clk_gen|CONTADOR:P1|T_TRIGGER:\G1:1:T  ; T_TRIGGER         ; work         ;
;          |T_TRIGGER:\G1:20:T| ; 2 (2)               ; 2 (2)                     ; 0           ; 0            ; 0       ; 0         ; 0    ; 0            ; |UART|FREQUENCYDIVIDER:clk_gen|CONTADOR:P1|T_TRIGGER:\G1:20:T ; T_TRIGGER         ; work         ;
;          |T_TRIGGER:\G1:21:T| ; 2 (2)               ; 2 (2)                     ; 0           ; 0            ; 0       ; 0         ; 0    ; 0            ; |UART|FREQUENCYDIVIDER:clk_gen|CONTADOR:P1|T_TRIGGER:\G1:21:T ; T_TRIGGER         ; work         ;
;          |T_TRIGGER:\G1:22:T| ; 2 (2)               ; 2 (2)                     ; 0           ; 0            ; 0       ; 0         ; 0    ; 0            ; |UART|FREQUENCYDIVIDER:clk_gen|CONTADOR:P1|T_TRIGGER:\G1:22:T ; T_TRIGGER         ; work         ;
;          |T_TRIGGER:\G1:23:T| ; 2 (2)               ; 2 (2)                     ; 0           ; 0            ; 0       ; 0         ; 0    ; 0            ; |UART|FREQUENCYDIVIDER:clk_gen|CONTADOR:P1|T_TRIGGER:\G1:23:T ; T_TRIGGER         ; work         ;
;          |T_TRIGGER:\G1:24:T| ; 2 (2)               ; 2 (2)                     ; 0           ; 0            ; 0       ; 0         ; 0    ; 0            ; |UART|FREQUENCYDIVIDER:clk_gen|CONTADOR:P1|T_TRIGGER:\G1:24:T ; T_TRIGGER         ; work         ;
;          |T_TRIGGER:\G1:25:T| ; 2 (2)               ; 2 (2)                     ; 0           ; 0            ; 0       ; 0         ; 0    ; 0            ; |UART|FREQUENCYDIVIDER:clk_gen|CONTADOR:P1|T_TRIGGER:\G1:25:T ; T_TRIGGER         ; work         ;
;          |T_TRIGGER:\G1:26:T| ; 2 (2)               ; 2 (2)                     ; 0           ; 0            ; 0       ; 0         ; 0    ; 0            ; |UART|FREQUENCYDIVIDER:clk_gen|CONTADOR:P1|T_TRIGGER:\G1:26:T ; T_TRIGGER         ; work         ;
;          |T_TRIGGER:\G1:27:T| ; 2 (2)               ; 2 (2)                     ; 0           ; 0            ; 0       ; 0         ; 0    ; 0            ; |UART|FREQUENCYDIVIDER:clk_gen|CONTADOR:P1|T_TRIGGER:\G1:27:T ; T_TRIGGER         ; work         ;
;          |T_TRIGGER:\G1:28:T| ; 2 (2)               ; 2 (2)                     ; 0           ; 0            ; 0       ; 0         ; 0    ; 0            ; |UART|FREQUENCYDIVIDER:clk_gen|CONTADOR:P1|T_TRIGGER:\G1:28:T ; T_TRIGGER         ; work         ;
;          |T_TRIGGER:\G1:29:T| ; 2 (2)               ; 2 (2)                     ; 0           ; 0            ; 0       ; 0         ; 0    ; 0            ; |UART|FREQUENCYDIVIDER:clk_gen|CONTADOR:P1|T_TRIGGER:\G1:29:T ; T_TRIGGER         ; work         ;
;          |T_TRIGGER:\G1:2:T|  ; 2 (2)               ; 2 (2)                     ; 0           ; 0            ; 0       ; 0         ; 0    ; 0            ; |UART|FREQUENCYDIVIDER:clk_gen|CONTADOR:P1|T_TRIGGER:\G1:2:T  ; T_TRIGGER         ; work         ;
;          |T_TRIGGER:\G1:30:T| ; 1 (1)               ; 1 (1)                     ; 0           ; 0            ; 0       ; 0         ; 0    ; 0            ; |UART|FREQUENCYDIVIDER:clk_gen|CONTADOR:P1|T_TRIGGER:\G1:30:T ; T_TRIGGER         ; work         ;
;          |T_TRIGGER:\G1:3:T|  ; 2 (2)               ; 2 (2)                     ; 0           ; 0            ; 0       ; 0         ; 0    ; 0            ; |UART|FREQUENCYDIVIDER:clk_gen|CONTADOR:P1|T_TRIGGER:\G1:3:T  ; T_TRIGGER         ; work         ;
;          |T_TRIGGER:\G1:4:T|  ; 2 (2)               ; 2 (2)                     ; 0           ; 0            ; 0       ; 0         ; 0    ; 0            ; |UART|FREQUENCYDIVIDER:clk_gen|CONTADOR:P1|T_TRIGGER:\G1:4:T  ; T_TRIGGER         ; work         ;
;          |T_TRIGGER:\G1:5:T|  ; 2 (2)               ; 2 (2)                     ; 0           ; 0            ; 0       ; 0         ; 0    ; 0            ; |UART|FREQUENCYDIVIDER:clk_gen|CONTADOR:P1|T_TRIGGER:\G1:5:T  ; T_TRIGGER         ; work         ;
;          |T_TRIGGER:\G1:6:T|  ; 2 (2)               ; 2 (2)                     ; 0           ; 0            ; 0       ; 0         ; 0    ; 0            ; |UART|FREQUENCYDIVIDER:clk_gen|CONTADOR:P1|T_TRIGGER:\G1:6:T  ; T_TRIGGER         ; work         ;
;          |T_TRIGGER:\G1:7:T|  ; 2 (2)               ; 2 (2)                     ; 0           ; 0            ; 0       ; 0         ; 0    ; 0            ; |UART|FREQUENCYDIVIDER:clk_gen|CONTADOR:P1|T_TRIGGER:\G1:7:T  ; T_TRIGGER         ; work         ;
;          |T_TRIGGER:\G1:8:T|  ; 2 (2)               ; 2 (2)                     ; 0           ; 0            ; 0       ; 0         ; 0    ; 0            ; |UART|FREQUENCYDIVIDER:clk_gen|CONTADOR:P1|T_TRIGGER:\G1:8:T  ; T_TRIGGER         ; work         ;
;          |T_TRIGGER:\G1:9:T|  ; 2 (2)               ; 2 (2)                     ; 0           ; 0            ; 0       ; 0         ; 0    ; 0            ; |UART|FREQUENCYDIVIDER:clk_gen|CONTADOR:P1|T_TRIGGER:\G1:9:T  ; T_TRIGGER         ; work         ;
;       |myDFF:P3|              ; 1 (1)               ; 1 (1)                     ; 0           ; 0            ; 0       ; 0         ; 0    ; 0            ; |UART|FREQUENCYDIVIDER:clk_gen|myDFF:P3                       ; myDFF             ; work         ;
+-------------------------------+---------------------+---------------------------+-------------+--------------+---------+-----------+------+--------------+---------------------------------------------------------------+-------------------+--------------+
Note: For table entries with two numbers listed, the numbers in parentheses indicate the number of resources of the given type used by the specific entity alone. The numbers listed outside of parentheses indicate the total resources of the given type used by the specific entity and all of its sub-entities in the hierarchy.


+------------------------------------------------------+
; General Register Statistics                          ;
+----------------------------------------------+-------+
; Statistic                                    ; Value ;
+----------------------------------------------+-------+
; Total registers                              ; 82    ;
; Number of registers using Synchronous Clear  ; 0     ;
; Number of registers using Synchronous Load   ; 0     ;
; Number of registers using Asynchronous Clear ; 63    ;
; Number of registers using Asynchronous Load  ; 0     ;
; Number of registers using Clock Enable       ; 3     ;
; Number of registers using Preset             ; 0     ;
+----------------------------------------------+-------+


+---------------------------------------------------------------------------+
; Inverted Register Statistics                                              ;
+-----------------------------------------------------------------+---------+
; Inverted Register                                               ; Fan out ;
+-----------------------------------------------------------------+---------+
; FREQUENCYDIVIDER:clk_gen|CONTADOR:P1|T_TRIGGER:\G1:26:T|S2~reg0 ; 3       ;
; FREQUENCYDIVIDER:clk_gen|CONTADOR:P1|T_TRIGGER:\G1:27:T|S2~reg0 ; 3       ;
; FREQUENCYDIVIDER:clk_gen|CONTADOR:P1|T_TRIGGER:\G1:28:T|S2~reg0 ; 3       ;
; FREQUENCYDIVIDER:clk_gen|CONTADOR:P1|T_TRIGGER:\G1:29:T|S2~reg0 ; 2       ;
; FREQUENCYDIVIDER:clk_gen|CONTADOR:P1|T_TRIGGER:\G1:10:T|S2~reg0 ; 3       ;
; FREQUENCYDIVIDER:clk_gen|CONTADOR:P1|T_TRIGGER:\G1:11:T|S2~reg0 ; 3       ;
; FREQUENCYDIVIDER:clk_gen|CONTADOR:P1|T_TRIGGER:\G1:12:T|S2~reg0 ; 3       ;
; FREQUENCYDIVIDER:clk_gen|CONTADOR:P1|T_TRIGGER:\G1:13:T|S2~reg0 ; 3       ;
; FREQUENCYDIVIDER:clk_gen|CONTADOR:P1|T_TRIGGER:\G1:14:T|S2~reg0 ; 3       ;
; FREQUENCYDIVIDER:clk_gen|CONTADOR:P1|T_TRIGGER:\G1:15:T|S2~reg0 ; 3       ;
; FREQUENCYDIVIDER:clk_gen|CONTADOR:P1|T_TRIGGER:\G1:16:T|S2~reg0 ; 3       ;
; FREQUENCYDIVIDER:clk_gen|CONTADOR:P1|T_TRIGGER:\G1:17:T|S2~reg0 ; 3       ;
; FREQUENCYDIVIDER:clk_gen|CONTADOR:P1|T_TRIGGER:\G1:18:T|S2~reg0 ; 3       ;
; FREQUENCYDIVIDER:clk_gen|CONTADOR:P1|T_TRIGGER:\G1:19:T|S2~reg0 ; 3       ;
; FREQUENCYDIVIDER:clk_gen|CONTADOR:P1|T_TRIGGER:\G1:20:T|S2~reg0 ; 3       ;
; FREQUENCYDIVIDER:clk_gen|CONTADOR:P1|T_TRIGGER:\G1:21:T|S2~reg0 ; 3       ;
; FREQUENCYDIVIDER:clk_gen|CONTADOR:P1|T_TRIGGER:\G1:22:T|S2~reg0 ; 3       ;
; FREQUENCYDIVIDER:clk_gen|CONTADOR:P1|T_TRIGGER:\G1:23:T|S2~reg0 ; 3       ;
; FREQUENCYDIVIDER:clk_gen|CONTADOR:P1|T_TRIGGER:\G1:24:T|S2~reg0 ; 3       ;
; FREQUENCYDIVIDER:clk_gen|CONTADOR:P1|T_TRIGGER:\G1:25:T|S2~reg0 ; 3       ;
; FREQUENCYDIVIDER:clk_gen|CONTADOR:P1|T_TRIGGER:\G1:4:T|S2~reg0  ; 3       ;
; FREQUENCYDIVIDER:clk_gen|CONTADOR:P1|T_TRIGGER:\G1:5:T|S2~reg0  ; 3       ;
; FREQUENCYDIVIDER:clk_gen|CONTADOR:P1|T_TRIGGER:\G1:6:T|S2~reg0  ; 3       ;
; FREQUENCYDIVIDER:clk_gen|CONTADOR:P1|T_TRIGGER:\G1:7:T|S2~reg0  ; 3       ;
; FREQUENCYDIVIDER:clk_gen|CONTADOR:P1|T_TRIGGER:\G1:9:T|S2~reg0  ; 3       ;
; FREQUENCYDIVIDER:clk_gen|CONTADOR:P1|T_TRIGGER:T|S2~reg0        ; 3       ;
; FREQUENCYDIVIDER:clk_gen|CONTADOR:P1|T_TRIGGER:\G1:0:T|S2~reg0  ; 3       ;
; FREQUENCYDIVIDER:clk_gen|CONTADOR:P1|T_TRIGGER:\G1:1:T|S2~reg0  ; 3       ;
; FREQUENCYDIVIDER:clk_gen|CONTADOR:P1|T_TRIGGER:\G1:3:T|S2~reg0  ; 3       ;
; FREQUENCYDIVIDER:clk_gen|CONTADOR:P1|T_TRIGGER:\G1:2:T|S2~reg0  ; 3       ;
; FREQUENCYDIVIDER:clk_gen|CONTADOR:P1|T_TRIGGER:\G1:8:T|S2~reg0  ; 3       ;
; Total number of inverted registers = 31                         ;         ;
+-----------------------------------------------------------------+---------+


+-----------------------------------------------------------------------+
; Parameter Settings for User Entity Instance: FREQUENCYDIVIDER:clk_gen ;
+----------------+-------+----------------------------------------------+
; Parameter Name ; Value ; Type                                         ;
+----------------+-------+----------------------------------------------+
; n              ; 32    ; Signed Integer                               ;
+----------------+-------+----------------------------------------------+
Note: In order to hide this table in the UI and the text report file, please set the "Show Parameter Settings in Synthesis Report" option in "Analysis and Synthesis Settings -> More Settings" to "Off".


+-----------------------------------------------------------------------------------+
; Parameter Settings for User Entity Instance: FREQUENCYDIVIDER:clk_gen|CONTADOR:P1 ;
+----------------+-------+----------------------------------------------------------+
; Parameter Name ; Value ; Type                                                     ;
+----------------+-------+----------------------------------------------------------+
; n              ; 32    ; Signed Integer                                           ;
+----------------+-------+----------------------------------------------------------+
Note: In order to hide this table in the UI and the text report file, please set the "Show Parameter Settings in Synthesis Report" option in "Analysis and Synthesis Settings -> More Settings" to "Off".


+-------------------------------------------------------------------------------------+
; Parameter Settings for User Entity Instance: FREQUENCYDIVIDER:clk_gen|COMPARADOR:P2 ;
+----------------+-------+------------------------------------------------------------+
; Parameter Name ; Value ; Type                                                       ;
+----------------+-------+------------------------------------------------------------+
; n              ; 32    ; Signed Integer                                             ;
+----------------+-------+------------------------------------------------------------+
Note: In order to hide this table in the UI and the text report file, please set the "Show Parameter Settings in Synthesis Report" option in "Analysis and Synthesis Settings -> More Settings" to "Off".


+-----------------------------------------------------------------------------------+
; Parameter Settings for User Entity Instance: ConversorSet:CVSET|SERIALPARALEL:S_P ;
+----------------+-------+----------------------------------------------------------+
; Parameter Name ; Value ; Type                                                     ;
+----------------+-------+----------------------------------------------------------+
; n              ; 8     ; Signed Integer                                           ;
+----------------+-------+----------------------------------------------------------+
Note: In order to hide this table in the UI and the text report file, please set the "Show Parameter Settings in Synthesis Report" option in "Analysis and Synthesis Settings -> More Settings" to "Off".


+------------------------------------------------+
; Port Connectivity Checks: "ConversorSet:CVSET" ;
+----------+-------+----------+------------------+
; Port     ; Type  ; Severity ; Details          ;
+----------+-------+----------+------------------+
; rst_main ; Input ; Info     ; Stuck at GND     ;
+----------+-------+----------+------------------+


+---------------------------------------------------------------------------------------------------------------+
; Port Connectivity Checks: "FREQUENCYDIVIDER:clk_gen|myDFF:P3"                                                 ;
+------+-------+----------+-------------------------------------------------------------------------------------+
; Port ; Type  ; Severity ; Details                                                                             ;
+------+-------+----------+-------------------------------------------------------------------------------------+
; d    ; Bidir ; Warning  ; Connected to dangling logic. Logic that only feeds a dangling port will be removed. ;
+------+-------+----------+-------------------------------------------------------------------------------------+


+--------------------------------------------------------------------+
; Port Connectivity Checks: "FREQUENCYDIVIDER:clk_gen|COMPARADOR:P2" ;
+-------------+-------+----------+-----------------------------------+
; Port        ; Type  ; Severity ; Details                           ;
+-------------+-------+----------+-----------------------------------+
; cte[1..0]   ; Input ; Info     ; Stuck at VCC                      ;
; cte[31..12] ; Input ; Info     ; Stuck at GND                      ;
; cte[8..6]   ; Input ; Info     ; Stuck at GND                      ;
; cte[11]     ; Input ; Info     ; Stuck at VCC                      ;
; cte[10]     ; Input ; Info     ; Stuck at GND                      ;
; cte[9]      ; Input ; Info     ; Stuck at VCC                      ;
; cte[5]      ; Input ; Info     ; Stuck at VCC                      ;
; cte[4]      ; Input ; Info     ; Stuck at GND                      ;
; cte[3]      ; Input ; Info     ; Stuck at VCC                      ;
; cte[2]      ; Input ; Info     ; Stuck at GND                      ;
+-------------+-------+----------+-----------------------------------+


+---------------------------------------------------------------------------------------------------------------+
; Port Connectivity Checks: "FREQUENCYDIVIDER:clk_gen|CONTADOR:P1|T_TRIGGER:\G1:30:T"                           ;
+------+-------+----------+-------------------------------------------------------------------------------------+
; Port ; Type  ; Severity ; Details                                                                             ;
+------+-------+----------+-------------------------------------------------------------------------------------+
; s2   ; Bidir ; Warning  ; Connected to dangling logic. Logic that only feeds a dangling port will be removed. ;
+------+-------+----------+-------------------------------------------------------------------------------------+


+------------------------------------------------------+
; Port Connectivity Checks: "FREQUENCYDIVIDER:clk_gen" ;
+------+-------+----------+----------------------------+
; Port ; Type  ; Severity ; Details                    ;
+------+-------+----------+----------------------------+
; t    ; Input ; Info     ; Stuck at VCC               ;
+------+-------+----------+----------------------------+


+-----------------------------------------------------+
; Post-Synthesis Netlist Statistics for Top Partition ;
+-----------------------+-----------------------------+
; Type                  ; Count                       ;
+-----------------------+-----------------------------+
; boundary_port         ; 20                          ;
; cycloneiii_ff         ; 82                          ;
;     CLR               ; 63                          ;
;     ENA               ; 3                           ;
;     plain             ; 16                          ;
; cycloneiii_lcell_comb ; 112                         ;
;     normal            ; 112                         ;
;         1 data inputs ; 64                          ;
;         2 data inputs ; 1                           ;
;         3 data inputs ; 15                          ;
;         4 data inputs ; 32                          ;
;                       ;                             ;
; Max LUT depth         ; 4.00                        ;
; Average LUT depth     ; 1.81                        ;
+-----------------------+-----------------------------+


+-------------------------------+
; Elapsed Time Per Partition    ;
+----------------+--------------+
; Partition Name ; Elapsed Time ;
+----------------+--------------+
; Top            ; 00:00:01     ;
+----------------+--------------+


+-------------------------------+
; Analysis & Synthesis Messages ;
+-------------------------------+
Info: *******************************************************************
Info: Running Quartus Prime Analysis & Synthesis
    Info: Version 18.1.0 Build 625 09/12/2018 SJ Lite Edition
    Info: Processing started: Fri Jan 17 21:08:55 2020
Info: Command: quartus_map --read_settings_files=on --write_settings_files=off UART -c UART
Warning (18236): Number of processors has not been specified which may cause overloading on shared machines.  Set the global assignment NUM_PARALLEL_PROCESSORS in your QSF to an appropriate value for best performance.
Info (20030): Parallel compilation is enabled and will use 8 of the 8 processors detected
Info (12021): Found 2 design units, including 1 entities, in source file uart.vhd
    Info (12022): Found design unit 1: UART-behave File: C:/intelFPGA_lite/18.1/FPGA/Protocolos/UART/UART.vhd Line: 21
    Info (12023): Found entity 1: UART File: C:/intelFPGA_lite/18.1/FPGA/Protocolos/UART/UART.vhd Line: 4
Info (12127): Elaborating entity "UART" for the top level hierarchy
Warning (12125): Using design file frequencydivider.vhd, which is not specified as a design file for the current project, but contains definitions for 2 design units and 1 entities in project
    Info (12022): Found design unit 1: FREQUENCYDIVIDER-BEHAVE File: C:/intelFPGA_lite/18.1/FPGA/Protocolos/UART/frequencydivider.vhd Line: 19
    Info (12023): Found entity 1: FREQUENCYDIVIDER File: C:/intelFPGA_lite/18.1/FPGA/Protocolos/UART/frequencydivider.vhd Line: 4
Info (12128): Elaborating entity "FREQUENCYDIVIDER" for hierarchy "FREQUENCYDIVIDER:clk_gen" File: C:/intelFPGA_lite/18.1/FPGA/Protocolos/UART/UART.vhd Line: 60
Warning (12125): Using design file contador.vhd, which is not specified as a design file for the current project, but contains definitions for 2 design units and 1 entities in project
    Info (12022): Found design unit 1: CONTADOR-BEHAVE File: C:/intelFPGA_lite/18.1/FPGA/Protocolos/UART/contador.vhd Line: 19
    Info (12023): Found entity 1: CONTADOR File: C:/intelFPGA_lite/18.1/FPGA/Protocolos/UART/contador.vhd Line: 4
Info (12128): Elaborating entity "CONTADOR" for hierarchy "FREQUENCYDIVIDER:clk_gen|CONTADOR:P1" File: C:/intelFPGA_lite/18.1/FPGA/Protocolos/UART/frequencydivider.vhd Line: 76
Warning (12125): Using design file t_trigger.vhd, which is not specified as a design file for the current project, but contains definitions for 2 design units and 1 entities in project
    Info (12022): Found design unit 1: T_TRIGGER-BEHAVE File: C:/intelFPGA_lite/18.1/FPGA/Protocolos/UART/t_trigger.vhd Line: 17
    Info (12023): Found entity 1: T_TRIGGER File: C:/intelFPGA_lite/18.1/FPGA/Protocolos/UART/t_trigger.vhd Line: 5
Info (12128): Elaborating entity "T_TRIGGER" for hierarchy "FREQUENCYDIVIDER:clk_gen|CONTADOR:P1|T_TRIGGER:T" File: C:/intelFPGA_lite/18.1/FPGA/Protocolos/UART/contador.vhd Line: 36
Warning (10492): VHDL Process Statement warning at t_trigger.vhd(25): signal "S1" is read inside the Process Statement but isn't in the Process Statement's sensitivity list File: C:/intelFPGA_lite/18.1/FPGA/Protocolos/UART/t_trigger.vhd Line: 25
Warning (10492): VHDL Process Statement warning at t_trigger.vhd(34): signal "T" is read inside the Process Statement but isn't in the Process Statement's sensitivity list File: C:/intelFPGA_lite/18.1/FPGA/Protocolos/UART/t_trigger.vhd Line: 34
Warning (12125): Using design file comparador.vhd, which is not specified as a design file for the current project, but contains definitions for 2 design units and 1 entities in project
    Info (12022): Found design unit 1: COMPARADOR-BEHAVE File: C:/intelFPGA_lite/18.1/FPGA/Protocolos/UART/comparador.vhd Line: 18
    Info (12023): Found entity 1: COMPARADOR File: C:/intelFPGA_lite/18.1/FPGA/Protocolos/UART/comparador.vhd Line: 4
Info (12128): Elaborating entity "COMPARADOR" for hierarchy "FREQUENCYDIVIDER:clk_gen|COMPARADOR:P2" File: C:/intelFPGA_lite/18.1/FPGA/Protocolos/UART/frequencydivider.vhd Line: 77
Warning (12125): Using design file mydff.vhd, which is not specified as a design file for the current project, but contains definitions for 2 design units and 1 entities in project
    Info (12022): Found design unit 1: myDFF-BEHAVE File: C:/intelFPGA_lite/18.1/FPGA/Protocolos/UART/mydff.vhd Line: 19
    Info (12023): Found entity 1: myDFF File: C:/intelFPGA_lite/18.1/FPGA/Protocolos/UART/mydff.vhd Line: 5
Info (12128): Elaborating entity "myDFF" for hierarchy "FREQUENCYDIVIDER:clk_gen|myDFF:P3" File: C:/intelFPGA_lite/18.1/FPGA/Protocolos/UART/frequencydivider.vhd Line: 78
Warning (10492): VHDL Process Statement warning at mydff.vhd(27): signal "ENABLE" is read inside the Process Statement but isn't in the Process Statement's sensitivity list File: C:/intelFPGA_lite/18.1/FPGA/Protocolos/UART/mydff.vhd Line: 27
Warning (10492): VHDL Process Statement warning at mydff.vhd(36): signal "OUTPUT" is read inside the Process Statement but isn't in the Process Statement's sensitivity list File: C:/intelFPGA_lite/18.1/FPGA/Protocolos/UART/mydff.vhd Line: 36
Warning (12125): Using design file conversorset.vhd, which is not specified as a design file for the current project, but contains definitions for 2 design units and 1 entities in project
    Info (12022): Found design unit 1: ConversorSet-behave File: C:/intelFPGA_lite/18.1/FPGA/Protocolos/UART/conversorset.vhd Line: 23
    Info (12023): Found entity 1: ConversorSet File: C:/intelFPGA_lite/18.1/FPGA/Protocolos/UART/conversorset.vhd Line: 4
Info (12128): Elaborating entity "ConversorSet" for hierarchy "ConversorSet:CVSET" File: C:/intelFPGA_lite/18.1/FPGA/Protocolos/UART/UART.vhd Line: 61
Warning (12125): Using design file serialparalel.vhd, which is not specified as a design file for the current project, but contains definitions for 2 design units and 1 entities in project
    Info (12022): Found design unit 1: SerialParalel-behave File: C:/intelFPGA_lite/18.1/FPGA/Protocolos/UART/serialparalel.vhd Line: 15
    Info (12023): Found entity 1: SERIALPARALEL File: C:/intelFPGA_lite/18.1/FPGA/Protocolos/UART/serialparalel.vhd Line: 4
Info (12128): Elaborating entity "SERIALPARALEL" for hierarchy "ConversorSet:CVSET|SERIALPARALEL:S_P" File: C:/intelFPGA_lite/18.1/FPGA/Protocolos/UART/conversorset.vhd Line: 53
Warning (12125): Using design file paralelsequencial.vhd, which is not specified as a design file for the current project, but contains definitions for 2 design units and 1 entities in project
    Info (12022): Found design unit 1: ParalelSequencial-behave File: C:/intelFPGA_lite/18.1/FPGA/Protocolos/UART/paralelsequencial.vhd Line: 17
    Info (12023): Found entity 1: ParalelSequencial File: C:/intelFPGA_lite/18.1/FPGA/Protocolos/UART/paralelsequencial.vhd Line: 4
Info (12128): Elaborating entity "ParalelSequencial" for hierarchy "ConversorSet:CVSET|ParalelSequencial:P_S" File: C:/intelFPGA_lite/18.1/FPGA/Protocolos/UART/conversorset.vhd Line: 54
Warning (12241): 2 hierarchies have connectivity warnings - see the Connectivity Checks report folder
Info (13000): Registers with preset signals will power-up high File: C:/intelFPGA_lite/18.1/FPGA/Protocolos/UART/t_trigger.vhd Line: 11
Info (13003): DEV_CLRn pin will set, and not reset, register with preset signal due to NOT Gate Push-Back
Info (286030): Timing-Driven Synthesis is running
Info (16010): Generating hard_block partition "hard_block:auto_generated_inst"
    Info (16011): Adding 0 node(s), including 0 DDIO, 0 PLL, 0 transceiver and 0 LCELL
Info (21057): Implemented 132 device resources after synthesis - the final resource count might be different
    Info (21058): Implemented 11 input pins
    Info (21059): Implemented 9 output pins
    Info (21061): Implemented 112 logic cells
Info: Quartus Prime Analysis & Synthesis was successful. 0 errors, 14 warnings
    Info: Peak virtual memory: 4842 megabytes
    Info: Processing ended: Fri Jan 17 21:09:15 2020
    Info: Elapsed time: 00:00:20
    Info: Total CPU time (on all processors): 00:00:44


